0 verbose cli C:\Program Files\nodejs\node.exe C:\Users\HP\AppData\Roaming\npm\node_modules\npm\bin\npm-cli.js
1 info using npm@11.11.0
2 info using node@v24.14.0
3 silly config load:file:C:\Users\HP\AppData\Roaming\npm\node_modules\npm\npmrc
4 silly config load:file:C:\Users\HP\OneDrive\Desktop\Petoty-backend\petoty-backend\frontend\.npmrc
5 silly config load:file:C:\Users\HP\.npmrc
6 silly config load:file:C:\Users\HP\OneDrive\Desktop\Petoty-backend\petoty-backend\frontend\etc\npmrc
7 verbose title npm install
8 verbose argv "--prefix" "frontend" "install"
9 verbose logfile logs-max:10 dir:C:\Users\HP\OneDrive\Desktop\Petoty-backend\petoty-backend\.npm-cache\_logs\2026-03-17T11_51_37_792Z-
10 verbose logfile C:\Users\HP\OneDrive\Desktop\Petoty-backend\petoty-backend\.npm-cache\_logs\2026-03-17T11_51_37_792Z-debug-0.log
11 silly logfile done cleaning log files
12 silly packumentCache heap:2348810240 maxSize:587202560 maxEntrySize:293601280
13 silly idealTree buildDeps
14 silly reify moves {}
15 verbose cwd C:\Users\HP\OneDrive\Desktop\Petoty-backend\petoty-backend
16 verbose os Windows_NT 10.0.19045
17 verbose node v24.14.0
18 verbose npm  v11.11.0
19 verbose exit 0
20 info ok
